20:56:35.582 [main] INFO  com.scnu.travel.TravelApplication - Starting TravelApplication using Java 11.0.6 on LAPTOP-POGI0V0M with PID 21056 (D:\ideaProject\travel\target\classes started by 12942 in D:\ideaProject\travel)
20:56:35.585 [main] INFO  com.scnu.travel.TravelApplication - No active profile set, falling back to 1 default profile: "default"
20:56:36.558 [main] INFO  o.s.boot.web.embedded.tomcat.TomcatWebServer - Tomcat initialized with port(s): 80 (http)
20:56:36.564 [main] INFO  org.apache.coyote.http11.Http11NioProtocol - Initializing ProtocolHandler ["http-nio-80"]
20:56:36.566 [main] INFO  org.apache.catalina.core.StandardService - Starting service [Tomcat]
20:56:36.566 [main] INFO  org.apache.catalina.core.StandardEngine - Starting Servlet engine: [Apache Tomcat/9.0.71]
20:56:36.894 [main] INFO  o.a.c.core.ContainerBase.[Tomcat].[localhost].[/] - Initializing Spring embedded WebApplicationContext
20:56:36.895 [main] INFO  o.s.b.w.s.c.ServletWebServerApplicationContext - Root WebApplicationContext: initialization completed in 1276 ms
20:56:38.828 [main] INFO  o.s.security.web.DefaultSecurityFilterChain - Will secure any request with [org.springframework.security.web.session.DisableEncodeUrlFilter@43755e2f, org.springframework.security.web.context.request.async.WebAsyncManagerIntegrationFilter@3d71e10b, org.springframework.security.web.context.SecurityContextPersistenceFilter@682266d8, org.springframework.security.web.header.HeaderWriterFilter@46e388ec, org.springframework.web.filter.CorsFilter@71139e77, org.springframework.security.web.authentication.logout.LogoutFilter@1201e064, org.springframework.security.web.authentication.UsernamePasswordAuthenticationFilter@a69f9d, org.springframework.security.web.savedrequest.RequestCacheAwareFilter@47be41c6, org.springframework.security.web.servletapi.SecurityContextHolderAwareRequestFilter@5fa0141f, org.springframework.security.web.authentication.AnonymousAuthenticationFilter@4de91056, org.springframework.security.web.session.SessionManagementFilter@5efe5b25, org.springframework.security.web.access.ExceptionTranslationFilter@1eb906f3, org.springframework.security.web.access.intercept.FilterSecurityInterceptor@531ec2ca]
20:56:38.871 [main] INFO  org.apache.coyote.http11.Http11NioProtocol - Starting ProtocolHandler ["http-nio-80"]
20:56:38.886 [main] INFO  o.s.boot.web.embedded.tomcat.TomcatWebServer - Tomcat started on port(s): 80 (http) with context path ''
20:56:38.896 [main] INFO  com.scnu.travel.TravelApplication - Started TravelApplication in 3.58 seconds (JVM running for 5.066)
21:02:56.442 [main] INFO  com.scnu.travel.TravelApplication - Starting TravelApplication using Java 11.0.6 on LAPTOP-POGI0V0M with PID 20652 (D:\ideaProject\travel\target\classes started by 12942 in D:\ideaProject\travel)
21:02:56.445 [main] INFO  com.scnu.travel.TravelApplication - No active profile set, falling back to 1 default profile: "default"
21:02:57.775 [main] INFO  o.s.boot.web.embedded.tomcat.TomcatWebServer - Tomcat initialized with port(s): 80 (http)
21:02:57.784 [main] INFO  org.apache.coyote.http11.Http11NioProtocol - Initializing ProtocolHandler ["http-nio-80"]
21:02:57.785 [main] INFO  org.apache.catalina.core.StandardService - Starting service [Tomcat]
21:02:57.785 [main] INFO  org.apache.catalina.core.StandardEngine - Starting Servlet engine: [Apache Tomcat/9.0.71]
21:02:57.953 [main] INFO  o.a.c.core.ContainerBase.[Tomcat].[localhost].[/] - Initializing Spring embedded WebApplicationContext
21:02:57.953 [main] INFO  o.s.b.w.s.c.ServletWebServerApplicationContext - Root WebApplicationContext: initialization completed in 1456 ms
21:03:00.244 [main] INFO  o.s.security.web.DefaultSecurityFilterChain - Will secure any request with [org.springframework.security.web.session.DisableEncodeUrlFilter@6f8ac8d5, org.springframework.security.web.context.request.async.WebAsyncManagerIntegrationFilter@370225c7, org.springframework.security.web.context.SecurityContextPersistenceFilter@77ff14ce, org.springframework.security.web.header.HeaderWriterFilter@13e1e816, org.springframework.web.filter.CorsFilter@6ac756b, org.springframework.security.web.authentication.logout.LogoutFilter@7b3a6e95, org.springframework.security.web.authentication.UsernamePasswordAuthenticationFilter@4ebfb045, org.springframework.security.web.savedrequest.RequestCacheAwareFilter@20c3b34b, org.springframework.security.web.servletapi.SecurityContextHolderAwareRequestFilter@53f495f0, org.springframework.security.web.authentication.AnonymousAuthenticationFilter@156324b, org.springframework.security.web.session.SessionManagementFilter@33187485, org.springframework.security.web.access.ExceptionTranslationFilter@10b87ff6, org.springframework.security.web.access.intercept.FilterSecurityInterceptor@75cacb3e]
21:03:00.293 [main] INFO  org.apache.coyote.http11.Http11NioProtocol - Starting ProtocolHandler ["http-nio-80"]
21:03:00.309 [main] INFO  o.s.boot.web.embedded.tomcat.TomcatWebServer - Tomcat started on port(s): 80 (http) with context path ''
21:03:00.319 [main] INFO  com.scnu.travel.TravelApplication - Started TravelApplication in 4.288 seconds (JVM running for 5.773)
